2007.03.06 17:40 B D:\ny_html\amiras07\images\amiras_01.gif --> lexx.flowersfx.com /Home/minna/HTML/www.amiras.se/amiras07/images amiras_01.gif
2007.03.06 17:40 B D:\ny_html\amiras07\images\amiras_02.gif --> lexx.flowersfx.com /Home/minna/HTML/www.amiras.se/amiras07/images amiras_02.gif
2007.03.06 17:40 B D:\ny_html\amiras07\images\amiras_03.gif --> lexx.flowersfx.com /Home/minna/HTML/www.amiras.se/amiras07/images amiras_03.gif
2007.03.06 17:40 B D:\ny_html\amiras07\images\amiras_04.gif --> lexx.flowersfx.com /Home/minna/HTML/www.amiras.se/amiras07/images amiras_04.gif
2007.03.06 17:40 B D:\ny_html\amiras07\images\amiras_05.gif --> lexx.flowersfx.com /Home/minna/HTML/www.amiras.se/amiras07/images amiras_05.gif
2007.03.06 17:40 B D:\ny_html\amiras07\images\amiras_06.gif --> lexx.flowersfx.com /Home/minna/HTML/www.amiras.se/amiras07/images amiras_06.gif
2007.03.06 17:40 B D:\ny_html\amiras07\images\amiras_07.gif --> lexx.flowersfx.com /Home/minna/HTML/www.amiras.se/amiras07/images amiras_07.gif
2007.03.06 17:40 B D:\ny_html\amiras07\images\amiras_08.gif --> lexx.flowersfx.com /Home/minna/HTML/www.amiras.se/amiras07/images amiras_08.gif
2007.03.06 17:40 B D:\ny_html\amiras07\images\amiras_09.gif --> lexx.flowersfx.com /Home/minna/HTML/www.amiras.se/amiras07/images amiras_09.gif
2007.03.06 17:40 B D:\ny_html\amiras07\images\amiras_10.jpg --> lexx.flowersfx.com /Home/minna/HTML/www.amiras.se/amiras07/images amiras_10.jpg
2007.03.06 17:40 B D:\ny_html\amiras07\images\amiras_11.gif --> lexx.flowersfx.com /Home/minna/HTML/www.amiras.se/amiras07/images amiras_11.gif
2007.03.06 17:40 B D:\ny_html\amiras07\images\amiras_12.gif --> lexx.flowersfx.com /Home/minna/HTML/www.amiras.se/amiras07/images amiras_12.gif
2007.03.06 17:40 B D:\ny_html\amiras07\images\amiras_13.gif --> lexx.flowersfx.com /Home/minna/HTML/www.amiras.se/amiras07/images amiras_13.gif
2007.03.06 17:40 B D:\ny_html\amiras07\images\amiras_14.gif --> lexx.flowersfx.com /Home/minna/HTML/www.amiras.se/amiras07/images amiras_14.gif
2007.03.06 17:40 B D:\ny_html\amiras07\images\amiras_15.gif --> lexx.flowersfx.com /Home/minna/HTML/www.amiras.se/amiras07/images amiras_15.gif
2007.03.06 17:40 B D:\ny_html\amiras07\images\amiras_16.gif --> lexx.flowersfx.com /Home/minna/HTML/www.amiras.se/amiras07/images amiras_16.gif
2007.03.06 17:40 B D:\ny_html\amiras07\images\amiras_17.gif --> lexx.flowersfx.com /Home/minna/HTML/www.amiras.se/amiras07/images amiras_17.gif
2007.03.06 17:40 B D:\ny_html\amiras07\images\amiras_18.gif --> lexx.flowersfx.com /Home/minna/HTML/www.amiras.se/amiras07/images amiras_18.gif
2007.03.06 17:40 B D:\ny_html\amiras07\images\amiras_19.gif --> lexx.flowersfx.com /Home/minna/HTML/www.amiras.se/amiras07/images amiras_19.gif
2007.03.06 17:40 B D:\ny_html\amiras07\images\amiras_20.gif --> lexx.flowersfx.com /Home/minna/HTML/www.amiras.se/amiras07/images amiras_20.gif
2007.03.06 17:40 B D:\ny_html\amiras07\images\amiras_21.gif --> lexx.flowersfx.com /Home/minna/HTML/www.amiras.se/amiras07/images amiras_21.gif
2007.03.06 17:40 B D:\ny_html\amiras07\images\amiras_22.gif --> lexx.flowersfx.com /Home/minna/HTML/www.amiras.se/amiras07/images amiras_22.gif
2007.03.06 17:40 B D:\ny_html\amiras07\images\amiras_23.gif --> lexx.flowersfx.com /Home/minna/HTML/www.amiras.se/amiras07/images amiras_23.gif
2007.03.06 17:40 B D:\ny_html\amiras07\images\amiras_24.gif --> lexx.flowersfx.com /Home/minna/HTML/www.amiras.se/amiras07/images amiras_24.gif
2007.03.06 17:40 B D:\ny_html\amiras07\images\amiras_25.gif --> lexx.flowersfx.com /Home/minna/HTML/www.amiras.se/amiras07/images amiras_25.gif
2007.03.06 17:40 B D:\ny_html\amiras07\images\amiras_26.gif --> lexx.flowersfx.com /Home/minna/HTML/www.amiras.se/amiras07/images amiras_26.gif
2007.03.06 17:40 B D:\ny_html\amiras07\images\amiras_27.gif --> lexx.flowersfx.com /Home/minna/HTML/www.amiras.se/amiras07/images amiras_27.gif
2007.03.06 17:40 B D:\ny_html\amiras07\images\amiras_28.gif --> lexx.flowersfx.com /Home/minna/HTML/www.amiras.se/amiras07/images amiras_28.gif
2007.03.06 17:40 B D:\ny_html\amiras07\images\amiras_29.gif --> lexx.flowersfx.com /Home/minna/HTML/www.amiras.se/amiras07/images amiras_29.gif
2007.03.06 17:40 B D:\ny_html\amiras07\images\spacer.gif --> lexx.flowersfx.com /Home/minna/HTML/www.amiras.se/amiras07/images spacer.gif
2007.03.06 17:40 B D:\ny_html\amiras07\images\Thumbs.db --> lexx.flowersfx.com /Home/minna/HTML/www.amiras.se/amiras07/images Thumbs.db
2007.03.06 22:25 B D:\ny_html\amiras07\images\amiras_head.gif --> lexx.flowersfx.com /Home/minna/HTML/www.amiras.se/amiras07/images amiras_head.gif
2007.03.06 22:25 B D:\ny_html\amiras07\images\forsta_sidan.gif --> lexx.flowersfx.com /Home/minna/HTML/www.amiras.se/amiras07/images forsta_sidan.gif
2007.03.06 22:25 B D:\ny_html\amiras07\images\horiz_bar_1.gif --> lexx.flowersfx.com /Home/minna/HTML/www.amiras.se/amiras07/images horiz_bar_1.gif
2007.03.06 22:25 B D:\ny_html\amiras07\images\horiz_bar_2.gif --> lexx.flowersfx.com /Home/minna/HTML/www.amiras.se/amiras07/images horiz_bar_2.gif
2007.03.06 22:25 B D:\ny_html\amiras07\images\kontakt.gif --> lexx.flowersfx.com /Home/minna/HTML/www.amiras.se/amiras07/images kontakt.gif
2007.03.06 22:25 B D:\ny_html\amiras07\images\kullar.gif --> lexx.flowersfx.com /Home/minna/HTML/www.amiras.se/amiras07/images kullar.gif
2007.03.06 22:25 B D:\ny_html\amiras07\images\lankar.gif --> lexx.flowersfx.com /Home/minna/HTML/www.amiras.se/amiras07/images lankar.gif
2007.03.06 22:25 B D:\ny_html\amiras07\images\mina_marsvin.jpg --> lexx.flowersfx.com /Home/minna/HTML/www.amiras.se/amiras07/images mina_marsvin.jpg
2007.03.06 22:25 B D:\ny_html\amiras07\images\om_amiras.gif --> lexx.flowersfx.com /Home/minna/HTML/www.amiras.se/amiras07/images om_amiras.gif
2007.03.06 22:25 B D:\ny_html\amiras07\images\sidebar.gif --> lexx.flowersfx.com /Home/minna/HTML/www.amiras.se/amiras07/images sidebar.gif
2007.03.06 22:25 B D:\ny_html\amiras07\images\spacer.gif --> lexx.flowersfx.com /Home/minna/HTML/www.amiras.se/amiras07/images spacer.gif
2007.03.06 22:25 B D:\ny_html\amiras07\images\Thumbs.db --> lexx.flowersfx.com /Home/minna/HTML/www.amiras.se/amiras07/images Thumbs.db
2007.03.06 22:25 B D:\ny_html\amiras07\images\till_salu.gif --> lexx.flowersfx.com /Home/minna/HTML/www.amiras.se/amiras07/images till_salu.gif
2007.03.13 15:20 B D:\ny_html\amiras07\images\amiras_01.gif --> lexx.flowersfx.com /Home/minna/HTML/www.amiras.se/images amiras_01.gif
2007.03.13 15:20 B D:\ny_html\amiras07\images\amiras_04.gif --> lexx.flowersfx.com /Home/minna/HTML/www.amiras.se/images amiras_04.gif
2007.03.13 15:20 B D:\ny_html\amiras07\images\amiras_07.gif --> lexx.flowersfx.com /Home/minna/HTML/www.amiras.se/images amiras_07.gif
2007.03.13 15:20 B D:\ny_html\amiras07\images\amiras_08.gif --> lexx.flowersfx.com /Home/minna/HTML/www.amiras.se/images amiras_08.gif
2007.03.13 15:20 B D:\ny_html\amiras07\images\amiras_09.gif --> lexx.flowersfx.com /Home/minna/HTML/www.amiras.se/images amiras_09.gif
2007.03.13 15:20 B D:\ny_html\amiras07\images\amiras_11.gif --> lexx.flowersfx.com /Home/minna/HTML/www.amiras.se/images amiras_11.gif
2007.03.13 15:20 B D:\ny_html\amiras07\images\amiras_12.gif --> lexx.flowersfx.com /Home/minna/HTML/www.amiras.se/images amiras_12.gif
2007.03.13 15:20 B D:\ny_html\amiras07\images\amiras_13.gif --> lexx.flowersfx.com /Home/minna/HTML/www.amiras.se/images amiras_13.gif
2007.03.13 15:20 B D:\ny_html\amiras07\images\amiras_15.gif --> lexx.flowersfx.com /Home/minna/HTML/www.amiras.se/images amiras_15.gif
2007.03.13 15:20 B D:\ny_html\amiras07\images\amiras_16.gif --> lexx.flowersfx.com /Home/minna/HTML/www.amiras.se/images amiras_16.gif
2007.03.13 15:20 B D:\ny_html\amiras07\images\amiras_18.gif --> lexx.flowersfx.com /Home/minna/HTML/www.amiras.se/images amiras_18.gif
2007.03.13 15:20 B D:\ny_html\amiras07\images\amiras_20.gif --> lexx.flowersfx.com /Home/minna/HTML/www.amiras.se/images amiras_20.gif
2007.03.13 15:20 B D:\ny_html\amiras07\images\amiras_22.gif --> lexx.flowersfx.com /Home/minna/HTML/www.amiras.se/images amiras_22.gif
2007.03.13 15:20 B D:\ny_html\amiras07\images\amiras_23.gif --> lexx.flowersfx.com /Home/minna/HTML/www.amiras.se/images amiras_23.gif
2007.03.13 15:20 B D:\ny_html\amiras07\images\amiras_25.gif --> lexx.flowersfx.com /Home/minna/HTML/www.amiras.se/images amiras_25.gif
2007.03.13 15:20 B D:\ny_html\amiras07\images\amiras_27.gif --> lexx.flowersfx.com /Home/minna/HTML/www.amiras.se/images amiras_27.gif
2007.03.13 15:20 B D:\ny_html\amiras07\images\amiras_28.gif --> lexx.flowersfx.com /Home/minna/HTML/www.amiras.se/images amiras_28.gif
2007.03.13 15:20 B D:\ny_html\amiras07\images\amiras_29.gif --> lexx.flowersfx.com /Home/minna/HTML/www.amiras.se/images amiras_29.gif
2007.03.13 15:20 B D:\ny_html\amiras07\images\amiras_head.gif --> lexx.flowersfx.com /Home/minna/HTML/www.amiras.se/images amiras_head.gif
2007.03.13 15:20 B D:\ny_html\amiras07\images\forsta_sidan.gif --> lexx.flowersfx.com /Home/minna/HTML/www.amiras.se/images forsta_sidan.gif
2007.03.13 15:20 B D:\ny_html\amiras07\images\horiz_bar_1.gif --> lexx.flowersfx.com /Home/minna/HTML/www.amiras.se/images horiz_bar_1.gif
2007.03.13 15:20 B D:\ny_html\amiras07\images\horiz_bar_2.gif --> lexx.flowersfx.com /Home/minna/HTML/www.amiras.se/images horiz_bar_2.gif
2007.03.13 15:20 B D:\ny_html\amiras07\images\kontakt.gif --> lexx.flowersfx.com /Home/minna/HTML/www.amiras.se/images kontakt.gif
2007.03.13 15:20 B D:\ny_html\amiras07\images\kullar.gif --> lexx.flowersfx.com /Home/minna/HTML/www.amiras.se/images kullar.gif
2007.03.13 15:20 B D:\ny_html\amiras07\images\lankar.gif --> lexx.flowersfx.com /Home/minna/HTML/www.amiras.se/images lankar.gif
2007.03.13 15:20 B D:\ny_html\amiras07\images\mina_marsvin.jpg --> lexx.flowersfx.com /Home/minna/HTML/www.amiras.se/images mina_marsvin.jpg
2007.03.13 15:20 B D:\ny_html\amiras07\images\om_amiras.gif --> lexx.flowersfx.com /Home/minna/HTML/www.amiras.se/images om_amiras.gif
2007.03.13 15:20 B D:\ny_html\amiras07\images\sidebar.gif --> lexx.flowersfx.com /Home/minna/HTML/www.amiras.se/images sidebar.gif
2007.03.13 15:20 B D:\ny_html\amiras07\images\spacer.gif --> lexx.flowersfx.com /Home/minna/HTML/www.amiras.se/images spacer.gif
2007.03.13 15:20 B D:\ny_html\amiras07\images\Thumbs.db --> lexx.flowersfx.com /Home/minna/HTML/www.amiras.se/images Thumbs.db
2007.03.13 15:20 B D:\ny_html\amiras07\images\till_salu.gif --> lexx.flowersfx.com /Home/minna/HTML/www.amiras.se/images till_salu.gif
